{
  "RSpec": {
    "coverage": {
      "/Users/mball0001/git/wp-2-middleman/lib/wp2middleman.rb": [
        1,
        1,
        1,
        1,
        1,
        null,
        1,
        1,
        1,
        1,
        null,
        null
      ],
      "/Users/mball0001/git/wp-2-middleman/lib/wp2middleman/post.rb": [
        1,
        null,
        1,
        1,
        1,
        null,
        1,
        366,
        null,
        null,
        1,
        0,
        null,
        null,
        1,
        0,
        null,
        null,
        1,
        null,
        null,
        0,
        null,
        null,
        1,
        0,
        null,
        null,
        1,
        0,
        null,
        null,
        1,
        0,
        null,
        null,
        1,
        0,
        null,
        0,
        0,
        0,
        0,
        0,
        0,
        null,
        0,
        null,
        null,
        1,
        0,
        null,
        null,
        1,
        0,
        0,
        null,
        0,
        0,
        null,
        0,
        null,
        null,
        0,
        null,
        null,
        null
      ],
      "/Users/mball0001/git/wp-2-middleman/lib/wp2middleman/post_collection.rb": [
        1,
        null,
        1,
        1,
        1,
        3,
        null,
        null,
        1,
        369,
        null,
        null,
        null
      ],
      "/Users/mball0001/git/wp-2-middleman/lib/wp2middleman/migrator.rb": [
        1,
        1,
        1,
        2,
        null,
        null,
        1,
        2,
        null,
        2,
        244,
        null,
        null,
        null,
        1,
        null,
        1,
        0,
        0,
        0,
        null,
        null,
        null,
        null,
        1,
        0,
        0,
        0,
        0,
        0,
        0,
        null,
        null,
        1,
        0,
        null,
        null,
        1,
        0,
        null,
        null,
        1,
        0,
        null,
        null,
        1,
        0,
        0,
        null,
        null,
        null,
        null
      ],
      "/Users/mball0001/git/wp-2-middleman/lib/wp2middleman/cli.rb": [
        1,
        null,
        1,
        1,
        1,
        null,
        1,
        1,
        0,
        null,
        0,
        0,
        0,
        null,
        null,
        0,
        null,
        0,
        null,
        null,
        1,
        1,
        0,
        0,
        0,
        null,
        0,
        null,
        null,
        null
      ],
      "/Users/mball0001/git/wp-2-middleman/spec/lib/wp2middleman/post_collection_spec.rb": [
        1,
        null,
        1,
        2,
        2,
        null,
        1,
        1,
        null,
        null,
        1,
        1,
        1,
        null,
        null,
        null
      ],
      "/Users/mball0001/git/wp-2-middleman/spec/lib/wp2middleman_spec.rb": [
        1,
        null,
        1,
        1,
        1,
        null,
        null,
        1,
        1,
        1,
        null,
        null,
        1,
        1,
        1,
        null,
        1,
        null,
        null,
        null
      ]
    },
    "timestamp": 1386387643
  }
}
